[2025-10-02 13:52:37] Ny användare registrerad: Ikaros
[2025-10-02 13:52:42] Användare inloggad: Ikaros
[2025-10-02 13:53:03] Användare inloggad: Ikaros
[2025-10-02 13:55:39] Användare inloggad: Ikaros
[2025-10-02 13:55:50] Lösenord ändrat för användare: Ikaros
[2025-10-02 13:55:59] Användarnamn ändrat från Ikaros till Love
[2025-10-02 13:56:09] Användare inloggad: Love
[2025-10-02 13:56:15] Borttagning av användare avbröts: Love
[2025-10-02 13:56:19] Användare borttagen: Love
[2025-10-02 13:56:24] Ny användare registrerad: IKaros
[2025-10-02 13:56:29] Användare inloggad: IKaros
[2025-10-02 13:56:35] Användarnamn ändrat från IKaros till Ikaros
[2025-10-02 14:13:09] Ny användare registrerad: Love
[2025-10-02 14:13:16] Användare inloggad: Love
[2025-10-02 14:13:26] Lösenord ändrat för användare: Love
[2025-10-02 14:13:38] Användarnamn ändrat från Love till Dolk
[2025-10-02 14:14:15] Användare borttagen: Ikaros
[2025-10-02 14:14:32] Borttagning av användare avbröts: Dolk
[2025-10-02 14:14:42] Användare borttagen: Dolk
[2025-10-02 14:14:58] Ny användare registrerad: Love
[2025-10-02 14:15:03] Användare inloggad: Love
[2025-10-02 14:20:15] Ny användare registrerad: Ikaros
[2025-10-02 14:20:18] Användare inloggad: Ikaros
[2025-10-02 14:20:19] Programmet avslutades av Ikaros.
[2025-10-02 21:49:56] Registrering misslyckades, Ikaros var upptaget.
[2025-10-02 21:50:02] Användare inloggad: Ikaros
[2025-10-02 21:50:15] Lösenord ändrat för användare: Ikaros
[2025-10-02 21:50:31] Användarnamn ändrat från Ikaros till Ikaros_1
[2025-10-02 21:51:37] Användare inloggad: Ikaros_1
[2025-10-02 21:51:44] Användare inloggad: Ikaros_1
[2025-10-02 21:51:52] Borttagning av användare avbröts: Ikaros_1
[2025-10-02 21:51:58] Användare borttagen: Ikaros_1
[2025-10-02 21:52:03] Ny användare registrerad: Ikaros
[2025-10-02 21:52:08] Användare inloggad: Ikaros
[2025-10-02 21:52:15] Programmet avslutades av Ikaros.
[2025-10-02 21:53:03] Användare inloggad: Ikaros
[2025-10-02 21:53:06] Programmet avslutades av Ikaros.
[2025-10-02 21:53:14] Användare inloggad: Love
[2025-10-02 21:53:17] Programmet avslutades av Love.
[2025-10-02 21:53:25] Ny användare registrerad: 
[2025-10-02 21:53:32] Användare inloggad: 
[2025-10-02 21:56:24] Användare inloggad: Ikaros
[2025-10-02 21:57:17] Användare inloggad: Ikaros
[2025-10-02 21:58:22] Användare inloggad: Ikaros
[2025-10-02 21:58:26] Ikaros loggade ut.
[2025-10-02 21:58:35] Användare inloggad: Ikaros
[2025-10-02 21:58:37] Programmet avslutades av Ikaros.
[2025-10-02 21:58:44] Användare inloggad: Ikaros
[2025-10-02 21:58:57] Namnbyte misslyckades, Love var upptaget.
[2025-10-02 22:39:22] Användare inloggad: Ikaros
[2025-10-02 22:39:30] Lösenord ändrat för användare: Ikaros
[2025-10-02 22:39:36] Användarnamn ändrat från [33m[1mIkaros[0m till [1;34m[1mIkaros1[0m
